<?xml version="1.0" encoding="UTF-8"?>
<testsuites name="jest tests" tests="2" failures="0" errors="0" time="2.796">
  <testsuite name="User Signup" errors="0" failures="0" skipped="0" timestamp="2024-03-13T19:14:26" time="2.653" tests="2">
    <testcase classname="User Signup Should signup a new user successfully" name="User Signup Should signup a new user successfully" time="0.371">
    </testcase>
    <testcase classname="User Login Should login the user successfully" name="User Login Should login the user successfully" time="0.128">
    </testcase>
  </testsuite>
</testsuites>